TN:
SF:src\domain\use-cases\create-table.use-case.ts
FN:14,CreateTable
FN:20,execute
FNF:2
FNH:2
FNDA:2,CreateTable
FNDA:2,execute
DA:1,1
DA:2,1
DA:3,1
DA:4,1
DA:5,1
DA:6,1
DA:7,1
DA:8,1
DA:9,1
DA:10,1
DA:11,1
DA:12,1
DA:13,1
DA:14,1
DA:15,2
DA:16,2
DA:17,2
DA:18,2
DA:19,1
DA:20,2
DA:21,2
DA:22,2
DA:23,2
DA:24,2
DA:25,2
DA:26,2
DA:27,2
DA:28,2
DA:29,2
DA:30,32
DA:31,32
DA:32,32
DA:33,2
DA:34,2
DA:35,2
DA:36,2
DA:37,2
DA:38,1
LF:38
LH:38
BRDA:14,0,0,2
BRDA:20,1,0,2
BRDA:29,2,0,32
BRF:3
BRH:3
end_of_record
TN:
SF:src\domain\use-cases\save-file.use-case.ts
FN:15,SaveFile
FN:18,execute
FNF:2
FNH:2
FNDA:2,SaveFile
FNDA:2,execute
DA:1,1
DA:2,1
DA:3,1
DA:4,1
DA:5,1
DA:6,1
DA:7,1
DA:8,1
DA:9,1
DA:10,1
DA:11,1
DA:12,1
DA:13,1
DA:14,1
DA:15,1
DA:16,1
DA:17,1
DA:18,1
DA:19,2
DA:20,2
DA:21,2
DA:22,2
DA:23,2
DA:24,2
DA:25,2
DA:26,2
DA:27,2
DA:28,2
DA:29,2
DA:30,0
DA:31,0
DA:32,0
DA:33,0
DA:34,2
DA:35,1
LF:35
LH:31
BRDA:15,0,0,2
BRDA:18,1,0,2
BRDA:29,2,0,0
BRF:3
BRH:2
end_of_record
