<?xml version="1.0" encoding="UTF-8"?>
<coverage generated="1738452004889" clover="3.2.0">
  <project timestamp="1738452004889" name="All files">
    <metrics statements="20" coveredstatements="14" conditionals="3" coveredconditionals="3" methods="4" coveredmethods="1" elements="27" coveredelements="18" complexity="0" loc="20" ncloc="20" packages="1" files="1" classes="1"/>
    <file name="http-client.plugin.ts" path="C:\Users\Pcren\OneDrive\Documents\GitHub\Curso-de-Node\02-Bases\src\plugins\http-client.plugin.ts">
      <metrics statements="20" coveredstatements="14" conditionals="3" coveredconditionals="3" methods="4" coveredmethods="1"/>
      <line num="1" count="1" type="stmt"/>
      <line num="2" count="1" type="stmt"/>
      <line num="3" count="1" type="stmt"/>
      <line num="4" count="1" type="stmt"/>
      <line num="5" count="1" type="cond" truecount="2" falsecount="0"/>
      <line num="6" count="3" type="stmt"/>
      <line num="7" count="2" type="cond" truecount="1" falsecount="0"/>
      <line num="8" count="3" type="stmt"/>
      <line num="9" count="1" type="stmt"/>
      <line num="10" count="0" type="stmt"/>
      <line num="11" count="0" type="stmt"/>
      <line num="12" count="1" type="stmt"/>
      <line num="13" count="0" type="stmt"/>
      <line num="14" count="0" type="stmt"/>
      <line num="15" count="1" type="stmt"/>
      <line num="16" count="0" type="stmt"/>
      <line num="17" count="0" type="stmt"/>
      <line num="18" count="1" type="stmt"/>
      <line num="19" count="1" type="stmt"/>
      <line num="20" count="1" type="stmt"/>
    </file>
  </project>
</coverage>
