{"C:\\Users\\Pcren\\OneDrive\\Documents\\GitHub\\Curso-de-Node\\02-Bases\\src\\plugins\\http-client.plugin.ts": {"path":"C:\\Users\\Pcren\\OneDrive\\Documents\\GitHub\\Curso-de-Node\\02-Bases\\src\\plugins\\http-client.plugin.ts","all":false,"statementMap":{"0":{"start":{"line":1,"column":0},"end":{"line":1,"column":26}},"1":{"start":{"line":2,"column":0},"end":{"line":2,"column":0}},"2":{"start":{"line":3,"column":0},"end":{"line":3,"column":27}},"3":{"start":{"line":4,"column":0},"end":{"line":4,"column":4}},"4":{"start":{"line":5,"column":0},"end":{"line":5,"column":32}},"5":{"start":{"line":6,"column":0},"end":{"line":6,"column":46}},"6":{"start":{"line":7,"column":0},"end":{"line":7,"column":20}},"7":{"start":{"line":8,"column":0},"end":{"line":8,"column":6}},"8":{"start":{"line":9,"column":0},"end":{"line":9,"column":45}},"9":{"start":{"line":10,"column":0},"end":{"line":10,"column":43}},"10":{"start":{"line":11,"column":0},"end":{"line":11,"column":6}},"11":{"start":{"line":12,"column":0},"end":{"line":12,"column":44}},"12":{"start":{"line":13,"column":0},"end":{"line":13,"column":43}},"13":{"start":{"line":14,"column":0},"end":{"line":14,"column":6}},"14":{"start":{"line":15,"column":0},"end":{"line":15,"column":35}},"15":{"start":{"line":16,"column":0},"end":{"line":16,"column":43}},"16":{"start":{"line":17,"column":0},"end":{"line":17,"column":6}},"17":{"start":{"line":18,"column":0},"end":{"line":18,"column":0}},"18":{"start":{"line":19,"column":0},"end":{"line":19,"column":0}},"19":{"start":{"line":20,"column":0},"end":{"line":20,"column":2}}},"s":{"0":1,"1":1,"2":1,"3":1,"4":1,"5":3,"6":2,"7":3,"8":1,"9":0,"10":0,"11":1,"12":0,"13":0,"14":1,"15":0,"16":0,"17":1,"18":1,"19":1},"branchMap":{"0":{"type":"branch","line":5,"loc":{"start":{"line":5,"column":9},"end":{"line":8,"column":6}},"locations":[{"start":{"line":5,"column":9},"end":{"line":8,"column":6}}]},"1":{"type":"branch","line":5,"loc":{"start":{"line":5,"column":30},"end":{"line":8,"column":5}},"locations":[{"start":{"line":5,"column":30},"end":{"line":8,"column":5}}]},"2":{"type":"branch","line":7,"loc":{"start":{"line":7,"column":-2},"end":{"line":8,"column":5}},"locations":[{"start":{"line":7,"column":-2},"end":{"line":8,"column":5}}]}},"b":{"0":[3],"1":[3],"2":[2]},"fnMap":{"0":{"name":"get","decl":{"start":{"line":5,"column":9},"end":{"line":8,"column":6}},"loc":{"start":{"line":5,"column":9},"end":{"line":8,"column":6}},"line":5},"1":{"name":"post","decl":{"start":{"line":9,"column":10},"end":{"line":11,"column":6}},"loc":{"start":{"line":9,"column":10},"end":{"line":11,"column":6}},"line":9},"2":{"name":"put","decl":{"start":{"line":12,"column":9},"end":{"line":14,"column":6}},"loc":{"start":{"line":12,"column":9},"end":{"line":14,"column":6}},"line":12},"3":{"name":"delete","decl":{"start":{"line":15,"column":12},"end":{"line":17,"column":6}},"loc":{"start":{"line":15,"column":12},"end":{"line":17,"column":6}},"line":15}},"f":{"0":3,"1":0,"2":0,"3":0}}
}
